{
library : {
name   : "AsterBehaviour";
type   : SHARED_LIBRARY;
prefix : "lib";
suffix : "so";
install_path : "";
sources : {
"asterLinearKinematic.cxx",
"LinearKinematic.cxx"
};
cppflags : {
"$(shell tfel-config --cppflags --compiler-flags)",
"-DASTER_ARCH=64"
};
include_directories : {
"$(shell tfel-config --include-path)"
};
link_directories : {
"$(shell tfel-config --library-path)"
};
link_libraries : {
"AsterInterface",
"$(shell tfel-config --library-dependency --material --mfront-profiling)"
};
epts : {
"asterlinearkinematic"
};
};
headers : {
"MFront/Aster/asterLinearKinematic.hxx",
"TFEL/Material/LinearKinematic.hxx",
"TFEL/Material/LinearKinematicBehaviourData.hxx",
"TFEL/Material/LinearKinematicIntegrationData.hxx"
};
};
