{
library : {
name   : "AsterBehaviour";
type   : SHARED_LIBRARY;
prefix : "lib";
suffix : "so";
install_path : "";
sources : {
"asterLinearKinematicViscosity.cxx",
"LinearKinematicViscosity.cxx"
};
cppflags : {
"$(shell tfel-config --cppflags --compiler-flags)",
"-DASTER_ARCH=64"
};
include_directories : {
"$(shell tfel-config --include-path)"
};
link_directories : {
"$(shell tfel-config --library-path)"
};
link_libraries : {
"AsterInterface",
"$(shell tfel-config --library-dependency --material --mfront-profiling)"
};
epts : {
"asterlinearkinematicviscosity"
};
};
headers : {
"MFront/Aster/asterLinearKinematicViscosity.hxx",
"TFEL/Material/LinearKinematicViscosity.hxx",
"TFEL/Material/LinearKinematicViscosityBehaviourData.hxx",
"TFEL/Material/LinearKinematicViscosityIntegrationData.hxx"
};
};
