{
library : {
name   : "AsterBehaviour";
type   : SHARED_LIBRARY;
prefix : "lib";
suffix : "so";
install_path : "";
sources : {
"asterLinearIsotropic.cxx",
"LinearIsotropic.cxx"
};
cppflags : {
"$(shell tfel-config --cppflags --compiler-flags)",
"-DASTER_ARCH=64"
};
include_directories : {
"$(shell tfel-config --include-path)"
};
link_directories : {
"$(shell tfel-config --library-path)"
};
link_libraries : {
"AsterInterface",
"$(shell tfel-config --library-dependency --material --mfront-profiling)"
};
epts : {
"asterlinearisotropic"
};
};
headers : {
"MFront/Aster/asterLinearIsotropic.hxx",
"TFEL/Material/LinearIsotropic.hxx",
"TFEL/Material/LinearIsotropicBehaviourData.hxx",
"TFEL/Material/LinearIsotropicIntegrationData.hxx"
};
};
