{
library : {
name   : "AsterBehaviour";
type   : SHARED_LIBRARY;
prefix : "lib";
suffix : "so";
install_path : "";
sources : {
"asterNonLinearIsotropicLinearKinematic.cxx",
"NonLinearIsotropicLinearKinematic.cxx"
};
cppflags : {
"$(shell tfel-config --cppflags --compiler-flags)",
"-DASTER_ARCH=64"
};
include_directories : {
"$(shell tfel-config --include-path)"
};
link_directories : {
"$(shell tfel-config --library-path)"
};
link_libraries : {
"AsterInterface",
"$(shell tfel-config --library-dependency --material --mfront-profiling)"
};
epts : {
"asternonlinearisotropiclinearkinematic"
};
};
headers : {
"MFront/Aster/asterNonLinearIsotropicLinearKinematic.hxx",
"TFEL/Material/NonLinearIsotropicLinearKinematic.hxx",
"TFEL/Material/NonLinearIsotropicLinearKinematicBehaviourData.hxx",
"TFEL/Material/NonLinearIsotropicLinearKinematicIntegrationData.hxx"
};
};
