{
library : {
name   : "AsterBehaviour";
type   : SHARED_LIBRARY;
prefix : "lib";
suffix : "so";
install_path : "";
sources : {
"asterNonLinearIsotropicNonLinearKinematic.cxx",
"NonLinearIsotropicNonLinearKinematic.cxx"
};
cppflags : {
"$(shell tfel-config --cppflags --compiler-flags)",
"-DASTER_ARCH=64"
};
include_directories : {
"$(shell tfel-config --include-path)"
};
link_directories : {
"$(shell tfel-config --library-path)"
};
link_libraries : {
"AsterInterface",
"$(shell tfel-config --library-dependency --material --mfront-profiling)"
};
epts : {
"asternonlinearisotropicnonlinearkinematic"
};
};
headers : {
"MFront/Aster/asterNonLinearIsotropicNonLinearKinematic.hxx",
"TFEL/Material/NonLinearIsotropicNonLinearKinematic.hxx",
"TFEL/Material/NonLinearIsotropicNonLinearKinematicBehaviourData.hxx",
"TFEL/Material/NonLinearIsotropicNonLinearKinematicIntegrationData.hxx"
};
};
